<?xml version="1.0" encoding="UTF-8"?>
<!-- Generated by org.testng.reporters.JUnitXMLReporter -->
<testsuite hostname="HP-PC" ignored="0" name="Default test" tests="6" failures="0" timestamp="12 May 2017 15:57:38 GMT" time="15.369" errors="0">
  <testcase name="Login" time="6.763" classname="icm.Category"/>
  <testcase name="company" time="2.381" classname="icm.Category"/>
  <testcase name="master" time="0.545" classname="icm.Category"/>
  <testcase name="category" time="1.7" classname="icm.Category"/>
  <testcase name="location" time="1.885" classname="icm.Category"/>
  <testcase name="catlocrelation" time="2.065" classname="icm.Category"/>
</testsuite> <!-- Default test -->
